<?xml version="1.0" encoding="UTF-8"?>
<!-- Generated by org.testng.reporters.JUnitXMLReporter -->
<testsuite ignored="0" hostname="DESKTOP-QT4E40G" failures="0" tests="6" name="Test" time="0.167" errors="0" timestamp="2023-03-13T13:04:20 IST">
  <testcase classname="githubJenkinsPractice.Test01" name="firstTest" time="0.012"/>
  <testcase classname="githubJenkinsPractice.Test01" name="secondTest" time="0.004"/>
  <testcase classname="githubJenkinsPractice.Test01" name="thirdTest" time="0.002"/>
  <testcase classname="githubJenkinsPractice.test02" name="fifthTest" time="0.003"/>
  <testcase classname="githubJenkinsPractice.test02" name="fourthTest" time="0.003"/>
  <testcase classname="githubJenkinsPractice.test02" name="sixthTest" time="0.019"/>
</testsuite> <!-- Test -->
