<?xml version="1.0" encoding="UTF-8"?>
<testng-results ignored="0" total="6" passed="6" failed="0" skipped="0">
  <reporter-output>
  </reporter-output>
  <suite started-at="2023-03-13T13:04:19 IST" name="Suite" finished-at="2023-03-13T13:04:19 IST" duration-ms="167">
    <groups>
    </groups>
    <test started-at="2023-03-13T13:04:19 IST" name="Test" finished-at="2023-03-13T13:04:19 IST" duration-ms="167">
      <class name="githubJenkinsPractice.Test01">
        <test-method signature="firstTest()[pri:0, instance:githubJenkinsPractice.Test01@5ace1ed4]" started-at="2023-03-13T13:04:19 IST" name="firstTest" finished-at="2023-03-13T13:04:19 IST" duration-ms="12" status="PASS">
          <reporter-output>
          </reporter-output>
        </test-method> <!-- firstTest -->
        <test-method signature="secondTest()[pri:0, instance:githubJenkinsPractice.Test01@5ace1ed4]" started-at="2023-03-13T13:04:19 IST" name="secondTest" finished-at="2023-03-13T13:04:19 IST" duration-ms="4" status="PASS">
          <reporter-output>
          </reporter-output>
        </test-method> <!-- secondTest -->
        <test-method signature="thirdTest()[pri:0, instance:githubJenkinsPractice.Test01@5ace1ed4]" started-at="2023-03-13T13:04:19 IST" name="thirdTest" finished-at="2023-03-13T13:04:19 IST" duration-ms="2" status="PASS">
          <reporter-output>
          </reporter-output>
        </test-method> <!-- thirdTest -->
      </class> <!-- githubJenkinsPractice.Test01 -->
      <class name="githubJenkinsPractice.test02">
        <test-method signature="fifthTest()[pri:0, instance:githubJenkinsPractice.test02@2fd1433e]" started-at="2023-03-13T13:04:19 IST" name="fifthTest" finished-at="2023-03-13T13:04:19 IST" duration-ms="3" status="PASS">
          <reporter-output>
          </reporter-output>
        </test-method> <!-- fifthTest -->
        <test-method signature="fourthTest()[pri:0, instance:githubJenkinsPractice.test02@2fd1433e]" started-at="2023-03-13T13:04:19 IST" name="fourthTest" finished-at="2023-03-13T13:04:19 IST" duration-ms="3" status="PASS">
          <reporter-output>
          </reporter-output>
        </test-method> <!-- fourthTest -->
        <test-method signature="sixthTest()[pri:0, instance:githubJenkinsPractice.test02@2fd1433e]" started-at="2023-03-13T13:04:19 IST" name="sixthTest" finished-at="2023-03-13T13:04:19 IST" duration-ms="19" status="PASS">
          <reporter-output>
          </reporter-output>
        </test-method> <!-- sixthTest -->
      </class> <!-- githubJenkinsPractice.test02 -->
    </test> <!-- Test -->
  </suite> <!-- Suite -->
</testng-results>
